


ARM Macro Assembler    Page 1 


    1 00000000         ; LCD.s
    2 00000000         ; Student names: change this to your names or look very 
                       silly
    3 00000000         ; Last modification date: change this to the last modifi
                       cation date or look very silly
    4 00000000         
    5 00000000         ; Runs on LM4F120/TM4C123
    6 00000000         ; Use SSI0 to send an 8-bit code to the ST7735 160x128 p
                       ixel LCD.
    7 00000000         
    8 00000000         ; As part of Lab 7, students need to implement these LCD
                       _WriteCommand and LCD_WriteData
    9 00000000         ; This driver assumes two low-level LCD functions
   10 00000000         
   11 00000000         ; Backlight (pin 10) connected to +3.3 V
   12 00000000         ; MISO (pin 9) unconnected
   13 00000000         ; SCK (pin 8) connected to PA2 (SSI0Clk)
   14 00000000         ; MOSI (pin 7) connected to PA5 (SSI0Tx)
   15 00000000         ; TFT_CS (pin 6) connected to PA3 (SSI0Fss)
   16 00000000         ; CARD_CS (pin 5) unconnected
   17 00000000         ; Data/Command (pin 4) connected to PA6 (GPIO)
   18 00000000         ; RESET (pin 3) connected to PA7 (GPIO)
   19 00000000         ; VCC (pin 2) connected to +3.3 V
   20 00000000         ; Gnd (pin 1) connected to ground
   21 00000000         
   22 00000000 40004100 
                       DC      EQU              0x40004100
   23 00000000 00000000 
                       DC_COMMAND
                               EQU              0
   24 00000000 00000040 
                       DC_DATA EQU              0x40
   25 00000000 40008008 
                       SSI0_DR_R
                               EQU              0x40008008
   26 00000000 4000800C 
                       SSI0_SR_R
                               EQU              0x4000800C
   27 00000000 00000004 
                       SSI_SR_RNE
                               EQU              0x00000004  ; SSI Receive FIFO 
                                                            Not Empty
   28 00000000 00000010 
                       SSI_SR_BSY
                               EQU              0x00000010  ; SSI Busy Bit
   29 00000000 00000002 
                       SSI_SR_TNF
                               EQU              0x00000002  ; SSI Transmit FIFO
                                                             Not Full
   30 00000000         
   31 00000000                 EXPORT           writecommand
   32 00000000                 EXPORT           writedata
   33 00000000         
   34 00000000                 AREA             |.text|, CODE, READONLY, ALIGN=
2
   35 00000000                 THUMB
   36 00000000                 ALIGN
   37 00000000         
   38 00000000         ; The Data/Command pin must be valid when the eighth bit



ARM Macro Assembler    Page 2 


                        is
   39 00000000         ; sent.  The SSI module has hardware input and output FI
                       FOs
   40 00000000         ; that are 8 locations deep.  Based on the observation t
                       hat
   41 00000000         ; the LCD interface tends to send a few commands and the
                       n a
   42 00000000         ; lot of data, the FIFOs are not used when writing
   43 00000000         ; commands, and they are used when writing data.  This
   44 00000000         ; ensures that the Data/Command pin status matches the b
                       yte
   45 00000000         ; that is actually being transmitted.
   46 00000000         ; The write command operation waits until all data has b
                       een
   47 00000000         ; sent, configures the Data/Command pin for commands, se
                       nds
   48 00000000         ; the command, and then waits for the transmission to
   49 00000000         ; finish.
   50 00000000         ; The write data operation waits until there is room in 
                       the
   51 00000000         ; transmit FIFO, configures the Data/Command pin for dat
                       a,
   52 00000000         ; and then adds the data to the transmit FIFO.
   53 00000000         ; NOTE: These functions will crash or stall indefinitely
                        if
   54 00000000         ; the SSI0 module is not initialized and enabled.
   55 00000000         
   56 00000000         ; This is a helper function that sends an 8-bit command 
                       to the LCD.
   57 00000000         ; Input: R0  8-bit command to transmit
   58 00000000         ; Output: none
   59 00000000         ; Assumes: SSI0 and port A have already been initialized
                        and enabled
   60 00000000         writecommand
   61 00000000         ;1) Read SSI0_SR_R and check bit 4, 
   62 00000000         ;2) If bit 4 is high, loop back to step 1 (wait for BUSY
                        bit to be low)
   63 00000000         ;3) Clear D/C=PA6 to zero
   64 00000000         ;4) Write the command to SSI0_DR_R
   65 00000000         ;5) Read SSI0_SR_R and check bit 4, 
   66 00000000         ;6) If bit 4 is high, loop back to step 5 (wait for BUSY
                        bit to be low)
   67 00000000 490E            LDR              R1, =SSI0_SR_R
   68 00000002 680A    loop1   LDR              R2, [R1]
   69 00000004 F012 0210       ANDS             R2, R2, #0x10
   70 00000008 D1FB            BNE              loop1
   71 0000000A 4A0D            LDR              R2, =DC
   72 0000000C 6813            LDR              R3, [R2]
   73 0000000E F023 0340       BIC              R3, #0x40
   74 00000012 6013            STR              R3, [R2]
   75 00000014 4A0B            LDR              R2, =SSI0_DR_R
   76 00000016 6010            STR              R0, [R2]
   77 00000018 680A    loop2   LDR              R2, [R1]
   78 0000001A F012 0210       ANDS             R2, R2, #0x10
   79 0000001E D1FB            BNE              loop2
   80 00000020 4770            BX               LR
   81 00000022         
   82 00000022         ; This is a helper function that sends an 8-bit data to 
                       the LCD.



ARM Macro Assembler    Page 3 


   83 00000022         ; Input: R0  8-bit data to transmit
   84 00000022         ; Output: none
   85 00000022         ; Assumes: SSI0 and port A have already been initialized
                        and enabled
   86 00000022         writedata
   87 00000022         ;1) Read SSI0_SR_R and check bit 1, 
   88 00000022         ;2) If bit 1 is low loop back to step 1 (wait for TNF bi
                       t to be high)
   89 00000022         ;3) Set D/C=PA6 to one
   90 00000022         ;4) Write the 8-bit data to SSI0_DR_R
   91 00000022 4906            LDR              R1, =SSI0_SR_R
   92 00000024 680A    loop3   LDR              R2, [R1]
   93 00000026 F012 0202       ANDS             R2, R2, #0x02
   94 0000002A D0FB            BEQ              loop3
   95 0000002C 4A04            LDR              R2, =DC
   96 0000002E 6813            LDR              R3, [R2]
   97 00000030 F043 0340       ORR              R3, #0x40
   98 00000034 6013            STR              R3, [R2]
   99 00000036 4A03            LDR              R2, =SSI0_DR_R
  100 00000038 6010            STR              R0, [R2]
  101 0000003A 4770            BX               LR
  102 0000003C         
  103 0000003C         
  104 0000003C         ;***************************************************
  105 0000003C         ; This is a library for the Adafruit 1.8" SPI display.
  106 0000003C         ; This library works with the Adafruit 1.8" TFT Breakout
                        w/SD card
  107 0000003C         ; ----> http://www.adafruit.com/products/358
  108 0000003C         ; as well as Adafruit raw 1.8" TFT display
  109 0000003C         ; ----> http://www.adafruit.com/products/618
  110 0000003C         ;
  111 0000003C         ; Check out the links above for our tutorials and wiring
                        diagrams
  112 0000003C         ; These displays use SPI to communicate, 4 or 5 pins are
                        required to
  113 0000003C         ; interface (RST is optional)
  114 0000003C         ; Adafruit invests time and resources providing this ope
                       n source code,
  115 0000003C         ; please support Adafruit and open-source hardware by pu
                       rchasing
  116 0000003C         ; products from Adafruit!
  117 0000003C         ;
  118 0000003C         ; Written by Limor Fried/Ladyada for Adafruit Industries
                       .
  119 0000003C         ; MIT license, all text above must be included in any re
                       distribution
  120 0000003C         ;****************************************************
  121 0000003C         
  122 0000003C                 ALIGN                        ; make sure the end
                                                             of this section is
                                                             aligned
  123 0000003C                 END                          ; end of file
              4000800C 
              40004100 
              40008008 
Command Line: --debug --xref --diag_suppress=9931 --cpu=Cortex-M4 --apcs=interw
ork --depend=.\lcd.d -o.\lcd.o -I.\RTE\_SpaceInvaders -IC:\Keil_v5\ARM\PACK\ARM
\CMSIS\5.5.1\CMSIS\Core\Include -IC:\Keil_v5\ARM\PACK\Keil\TM4C_DFP\1.1.0\Devic
e\Include\TM4C123 --predefine="__MICROLIB SETA 1" --predefine="__UVISION_VERSIO



ARM Macro Assembler    Page 4 


N SETA 527" --predefine="_RTE_ SETA 1" --predefine="TM4C123GH6PM SETA 1" --list
=.\lcd.lst LCD.s



ARM Macro Assembler    Page 1 Alphabetic symbol ordering
Relocatable symbols

.text 00000000

Symbol: .text
   Definitions
      At line 34 in file LCD.s
   Uses
      None
Comment: .text unused
loop1 00000002

Symbol: loop1
   Definitions
      At line 68 in file LCD.s
   Uses
      At line 70 in file LCD.s
Comment: loop1 used once
loop2 00000018

Symbol: loop2
   Definitions
      At line 77 in file LCD.s
   Uses
      At line 79 in file LCD.s
Comment: loop2 used once
loop3 00000024

Symbol: loop3
   Definitions
      At line 92 in file LCD.s
   Uses
      At line 94 in file LCD.s
Comment: loop3 used once
writecommand 00000000

Symbol: writecommand
   Definitions
      At line 60 in file LCD.s
   Uses
      At line 31 in file LCD.s
Comment: writecommand used once
writedata 00000022

Symbol: writedata
   Definitions
      At line 86 in file LCD.s
   Uses
      At line 32 in file LCD.s
Comment: writedata used once
6 symbols



ARM Macro Assembler    Page 1 Alphabetic symbol ordering
Absolute symbols

DC 40004100

Symbol: DC
   Definitions
      At line 22 in file LCD.s
   Uses
      At line 71 in file LCD.s
      At line 95 in file LCD.s

DC_COMMAND 00000000

Symbol: DC_COMMAND
   Definitions
      At line 23 in file LCD.s
   Uses
      None
Comment: DC_COMMAND unused
DC_DATA 00000040

Symbol: DC_DATA
   Definitions
      At line 24 in file LCD.s
   Uses
      None
Comment: DC_DATA unused
SSI0_DR_R 40008008

Symbol: SSI0_DR_R
   Definitions
      At line 25 in file LCD.s
   Uses
      At line 75 in file LCD.s
      At line 99 in file LCD.s

SSI0_SR_R 4000800C

Symbol: SSI0_SR_R
   Definitions
      At line 26 in file LCD.s
   Uses
      At line 67 in file LCD.s
      At line 91 in file LCD.s

SSI_SR_BSY 00000010

Symbol: SSI_SR_BSY
   Definitions
      At line 28 in file LCD.s
   Uses
      None
Comment: SSI_SR_BSY unused
SSI_SR_RNE 00000004

Symbol: SSI_SR_RNE
   Definitions
      At line 27 in file LCD.s
   Uses
      None
Comment: SSI_SR_RNE unused



ARM Macro Assembler    Page 2 Alphabetic symbol ordering
Absolute symbols

SSI_SR_TNF 00000002

Symbol: SSI_SR_TNF
   Definitions
      At line 29 in file LCD.s
   Uses
      None
Comment: SSI_SR_TNF unused
8 symbols
350 symbols in table
